
Running Prediction

Trained Model Dir: /data/akshayk/models/rbdb_28hpi_40hpi_total91k_retrainednet_jun12
Image Dir: /data/akshayk/28hpi/binned_to_36-36-60nm/tif_imgs/predictions/3View_5194245_bin10_inc10_bin-x1y1z1_imgs_rbdb_nrml_predout/enhanced
Models: 1fm,3fm,5fm
Speed: 4
GPU: all

For model 1fm preprocessing Pkg001_Z01 1 of 2
Running prediction on 1fm Pkg001_Z01
Detected 2 GPU(s). Will run in parallel.

real 82.33
user 78.74
sys 40.02
For model 1fm preprocessing Pkg001_Z02 2 of 2
Running prediction on 1fm Pkg001_Z02
Detected 2 GPU(s). Will run in parallel.

real 42.23
user 42.09
sys 22.88
For model 3fm preprocessing Pkg001_Z01 1 of 2
Running prediction on 3fm Pkg001_Z01
Detected 2 GPU(s). Will run in parallel.

real 99.47
user 121.44
sys 42.16
For model 3fm preprocessing Pkg001_Z02 2 of 2
Running prediction on 3fm Pkg001_Z02
Detected 2 GPU(s). Will run in parallel.

real 48.74
user 54.46
sys 23.58
For model 5fm preprocessing Pkg001_Z01 1 of 2
Running prediction on 5fm Pkg001_Z01
Detected 2 GPU(s). Will run in parallel.

real 107.36
user 136.31
sys 43.59
For model 5fm preprocessing Pkg001_Z02 2 of 2
Running prediction on 5fm Pkg001_Z02
Detected 2 GPU(s). Will run in parallel.

real 56.02
user 69.24
sys 23.98

Prediction has completed.

